# JRE version: Java(TM) SE Runtime Environment (8.0_181-b13) (build 1.8.0_181-b13)
# Java VM: Java HotSpot(TM) 64-Bit Server VM (25.181-b13 mixed mode linux-amd64 compressed oops)
Heap:
 PSYoungGen      total 352768K, used 19431K [0x00000000d7100000, 0x00000000ee480000, 0x0000000100000000)
  eden space 333312K, 0% used [0x00000000d7100000,0x00000000d7100000,0x00000000eb680000)
  from space 19456K, 99% used [0x00000000eb680000,0x00000000ec979ce0,0x00000000ec980000)
  to   space 19968K, 0% used [0x00000000ec980000,0x00000000ec980000,0x00000000edd00000)
 ParOldGen       total 104448K, used 62611K [0x0000000085200000, 0x000000008b800000, 0x00000000d7100000)
  object space 104448K, 59% used [0x0000000085200000,0x0000000088f24ee8,0x000000008b800000)
 Metaspace       used 41473K, capacity 42786K, committed 43096K, reserved 1087488K
  class space    used 4828K, capacity 5200K, committed 5248K, reserved 1048576K
GC Heap History (10 events):
Event: 12,108 GC heap after
Heap after GC invocations=10 (full 1):
 PSYoungGen      total 264704K, used 15858K [0x00000000d7100000, 0x00000000e8980000, 0x0000000100000000)
  eden space 248832K, 0% used [0x00000000d7100000,0x00000000d7100000,0x00000000e6400000)
  from space 15872K, 99% used [0x00000000e6400000,0x00000000e737c980,0x00000000e7380000)
  to   space 18944K, 0% used [0x00000000e7700000,0x00000000e7700000,0x00000000e8980000)
 ParOldGen       total 74240K, used 23507K [0x0000000085200000, 0x0000000089a80000, 0x00000000d7100000)
  object space 74240K, 31% used [0x0000000085200000,0x00000000868f4fc0,0x0000000089a80000)
 Metaspace       used 32490K, capacity 33468K, committed 33792K, reserved 1079296K
  class space    used 3944K, capacity 4271K, committed 4352K, reserved 1048576K
}
Event: 12,802 GC heap before
{Heap before GC invocations=11 (full 1):
 PSYoungGen      total 264704K, used 154811K [0x00000000d7100000, 0x00000000e8980000, 0x0000000100000000)
  eden space 248832K, 55% used [0x00000000d7100000,0x00000000df8b2488,0x00000000e6400000)
  from space 15872K, 99% used [0x00000000e6400000,0x00000000e737c980,0x00000000e7380000)
  to   space 18944K, 0% used [0x00000000e7700000,0x00000000e7700000,0x00000000e8980000)
 ParOldGen       total 74240K, used 23507K [0x0000000085200000, 0x0000000089a80000, 0x00000000d7100000)
  object space 74240K, 31% used [0x0000000085200000,0x00000000868f4fc0,0x0000000089a80000)
 Metaspace       used 34177K, capacity 35180K, committed 35416K, reserved 1081344K
  class space    used 4132K, capacity 4471K, committed 4480K, reserved 1048576K
Event: 12,838 GC heap after
Heap after GC invocations=11 (full 1):
 PSYoungGen      total 268800K, used 8420K [0x00000000d7100000, 0x00000000ed780000, 0x0000000100000000)
  eden space 249856K, 0% used [0x00000000d7100000,0x00000000d7100000,0x00000000e6500000)
  from space 18944K, 44% used [0x00000000e7700000,0x00000000e7f39208,0x00000000e8980000)
  to   space 18432K, 0% used [0x00000000e6500000,0x00000000e6500000,0x00000000e7700000)
 ParOldGen       total 74240K, used 30179K [0x0000000085200000, 0x0000000089a80000, 0x00000000d7100000)
  object space 74240K, 40% used [0x0000000085200000,0x0000000086f78d38,0x0000000089a80000)
 Metaspace       used 34177K, capacity 35180K, committed 35416K, reserved 1081344K
  class space    used 4132K, capacity 4471K, committed 4480K, reserved 1048576K
}
Event: 12,838 GC heap before
{Heap before GC invocations=12 (full 2):
 PSYoungGen      total 268800K, used 8420K [0x00000000d7100000, 0x00000000ed780000, 0x0000000100000000)
  eden space 249856K, 0% used [0x00000000d7100000,0x00000000d7100000,0x00000000e6500000)
  from space 18944K, 44% used [0x00000000e7700000,0x00000000e7f39208,0x00000000e8980000)
  to   space 18432K, 0% used [0x00000000e6500000,0x00000000e6500000,0x00000000e7700000)
 ParOldGen       total 74240K, used 30179K [0x0000000085200000, 0x0000000089a80000, 0x00000000d7100000)
  object space 74240K, 40% used [0x0000000085200000,0x0000000086f78d38,0x0000000089a80000)
 Metaspace       used 34177K, capacity 35180K, committed 35416K, reserved 1081344K
  class space    used 4132K, capacity 4471K, committed 4480K, reserved 1048576K
Event: 12,963 GC heap after
Heap after GC invocations=12 (full 2):
 PSYoungGen      total 268800K, used 0K [0x00000000d7100000, 0x00000000ed780000, 0x0000000100000000)
  eden space 249856K, 0% used [0x00000000d7100000,0x00000000d7100000,0x00000000e6500000)
  from space 18944K, 0% used [0x00000000e7700000,0x00000000e7700000,0x00000000e8980000)
  to   space 18432K, 0% used [0x00000000e6500000,0x00000000e6500000,0x00000000e7700000)
 ParOldGen       total 104448K, used 31600K [0x0000000085200000, 0x000000008b800000, 0x00000000d7100000)
  object space 104448K, 30% used [0x0000000085200000,0x00000000870dc250,0x000000008b800000)
 Metaspace       used 34177K, capacity 35180K, committed 35416K, reserved 1081344K
  class space    used 4132K, capacity 4471K, committed 4480K, reserved 1048576K
}
Event: 15,609 GC heap before
{Heap before GC invocations=13 (full 2):
 PSYoungGen      total 268800K, used 249856K [0x00000000d7100000, 0x00000000ed780000, 0x0000000100000000)
  eden space 249856K, 100% used [0x00000000d7100000,0x00000000e6500000,0x00000000e6500000)
  from space 18944K, 0% used [0x00000000e7700000,0x00000000e7700000,0x00000000e8980000)
  to   space 18432K, 0% used [0x00000000e6500000,0x00000000e6500000,0x00000000e7700000)
 ParOldGen       total 104448K, used 31600K [0x0000000085200000, 0x000000008b800000, 0x00000000d7100000)
  object space 104448K, 30% used [0x0000000085200000,0x00000000870dc250,0x000000008b800000)
 Metaspace       used 40529K, capacity 41860K, committed 42072K, reserved 1085440K
  class space    used 4763K, capacity 5131K, committed 5248K, reserved 1048576K
Event: 15,643 GC heap after
Heap after GC invocations=13 (full 2):
 PSYoungGen      total 268288K, used 15599K [0x00000000d7100000, 0x00000000edd00000, 0x0000000100000000)
  eden space 249856K, 0% used [0x00000000d7100000,0x00000000d7100000,0x00000000e6500000)
  from space 18432K, 84% used [0x00000000e6500000,0x00000000e743bc00,0x00000000e7700000)
  to   space 19968K, 0% used [0x00000000ec980000,0x00000000ec980000,0x00000000edd00000)
 ParOldGen       total 104448K, used 31608K [0x0000000085200000, 0x000000008b800000, 0x00000000d7100000)
  object space 104448K, 30% used [0x0000000085200000,0x00000000870de250,0x000000008b800000)
 Metaspace       used 40529K, capacity 41860K, committed 42072K, reserved 1085440K
  class space    used 4763K, capacity 5131K, committed 5248K, reserved 1048576K
}
Event: 16,941 GC heap before
{Heap before GC invocations=14 (full 2):
 PSYoungGen      total 268288K, used 265455K [0x00000000d7100000, 0x00000000edd00000, 0x0000000100000000)
  eden space 249856K, 100% used [0x00000000d7100000,0x00000000e6500000,0x00000000e6500000)
  from space 18432K, 84% used [0x00000000e6500000,0x00000000e743bc00,0x00000000e7700000)
  to   space 19968K, 0% used [0x00000000ec980000,0x00000000ec980000,0x00000000edd00000)
 ParOldGen       total 104448K, used 31608K [0x0000000085200000, 0x000000008b800000, 0x00000000d7100000)
  object space 104448K, 30% used [0x0000000085200000,0x00000000870de250,0x000000008b800000)
 Metaspace       used 41455K, capacity 42786K, committed 43096K, reserved 1087488K
  class space    used 4828K, capacity 5200K, committed 5248K, reserved 1048576K
Event: 17,008 GC heap after
Heap after GC invocations=14 (full 2):
 PSYoungGen      total 353280K, used 7198K [0x00000000d7100000, 0x00000000ee480000, 0x0000000100000000)
  eden space 333312K, 0% used [0x00000000d7100000,0x00000000d7100000,0x00000000eb680000)
  from space 19968K, 36% used [0x00000000ec980000,0x00000000ed0878d8,0x00000000edd00000)
  to   space 19456K, 0% used [0x00000000eb680000,0x00000000eb680000,0x00000000ec980000)
 ParOldGen       total 104448K, used 40062K [0x0000000085200000, 0x000000008b800000, 0x00000000d7100000)
  object space 104448K, 38% used [0x0000000085200000,0x000000008791fa08,0x000000008b800000)
 Metaspace       used 41455K, capacity 42786K, committed 43096K, reserved 1087488K
  class space    used 4828K, capacity 5200K, committed 5248K, reserved 1048576K
}
Event: 18,511 GC heap before
{Heap before GC invocations=15 (full 2):
 PSYoungGen      total 353280K, used 340510K [0x00000000d7100000, 0x00000000ee480000, 0x0000000100000000)
  eden space 333312K, 100% used [0x00000000d7100000,0x00000000eb680000,0x00000000eb680000)
  from space 19968K, 36% used [0x00000000ec980000,0x00000000ed0878d8,0x00000000edd00000)
  to   space 19456K, 0% used [0x00000000eb680000,0x00000000eb680000,0x00000000ec980000)
 ParOldGen       total 104448K, used 40062K [0x0000000085200000, 0x000000008b800000, 0x00000000d7100000)
  object space 104448K, 38% used [0x0000000085200000,0x000000008791fa08,0x000000008b800000)
 Metaspace       used 41473K, capacity 42786K, committed 43096K, reserved 1087488K
  class space    used 4828K, capacity 5200K, committed 5248K, reserved 1048576K

