# JRE version: Java(TM) SE Runtime Environment (8.0_181-b13) (build 1.8.0_181-b13)
# Java VM: Java HotSpot(TM) 64-Bit Server VM (25.181-b13 mixed mode linux-amd64 compressed oops)
Heap:
 PSYoungGen      total 371200K, used 25598K [0x00000000d7100000, 0x00000000ef580000, 0x0000000100000000)
  eden space 345600K, 0% used [0x00000000d7100000,0x00000000d7100000,0x00000000ec280000)
  from space 25600K, 99% used [0x00000000ec280000,0x00000000edb7f928,0x00000000edb80000)
  to   space 23552K, 0% used [0x00000000edb80000,0x00000000edb80000,0x00000000ef280000)
 ParOldGen       total 116224K, used 60484K [0x0000000085200000, 0x000000008c380000, 0x00000000d7100000)
  object space 116224K, 52% used [0x0000000085200000,0x0000000088d11270,0x000000008c380000)
 Metaspace       used 41463K, capacity 42722K, committed 43096K, reserved 1087488K
  class space    used 4834K, capacity 5200K, committed 5248K, reserved 1048576K
GC Heap History (10 events):
Event: 12,423 GC heap after
Heap after GC invocations=8 (full 1):
 PSYoungGen      total 266752K, used 18798K [0x00000000d7100000, 0x00000000ea680000, 0x0000000100000000)
  eden space 247296K, 0% used [0x00000000d7100000,0x00000000d7100000,0x00000000e6280000)
  from space 19456K, 96% used [0x00000000e6280000,0x00000000e74db928,0x00000000e7580000)
  to   space 22528K, 0% used [0x00000000e9080000,0x00000000e9080000,0x00000000ea680000)
 ParOldGen       total 84480K, used 22649K [0x0000000085200000, 0x000000008a480000, 0x00000000d7100000)
  object space 84480K, 26% used [0x0000000085200000,0x000000008681e7e8,0x000000008a480000)
 Metaspace       used 32484K, capacity 33372K, committed 33792K, reserved 1079296K
  class space    used 3948K, capacity 4239K, committed 4352K, reserved 1048576K
}
Event: 13,077 GC heap before
{Heap before GC invocations=9 (full 1):
 PSYoungGen      total 266752K, used 154990K [0x00000000d7100000, 0x00000000ea680000, 0x0000000100000000)
  eden space 247296K, 55% used [0x00000000d7100000,0x00000000df5fff28,0x00000000e6280000)
  from space 19456K, 96% used [0x00000000e6280000,0x00000000e74db928,0x00000000e7580000)
  to   space 22528K, 0% used [0x00000000e9080000,0x00000000e9080000,0x00000000ea680000)
 ParOldGen       total 84480K, used 22649K [0x0000000085200000, 0x000000008a480000, 0x00000000d7100000)
  object space 84480K, 26% used [0x0000000085200000,0x000000008681e7e8,0x000000008a480000)
 Metaspace       used 34285K, capacity 35180K, committed 35416K, reserved 1081344K
  class space    used 4155K, capacity 4471K, committed 4480K, reserved 1048576K
Event: 13,095 GC heap after
Heap after GC invocations=9 (full 1):
 PSYoungGen      total 293888K, used 15594K [0x00000000d7100000, 0x00000000f0380000, 0x0000000100000000)
  eden space 271360K, 0% used [0x00000000d7100000,0x00000000d7100000,0x00000000e7a00000)
  from space 22528K, 69% used [0x00000000e9080000,0x00000000e9fba890,0x00000000ea680000)
  to   space 23040K, 0% used [0x00000000e7a00000,0x00000000e7a00000,0x00000000e9080000)
 ParOldGen       total 84480K, used 22657K [0x0000000085200000, 0x000000008a480000, 0x00000000d7100000)
  object space 84480K, 26% used [0x0000000085200000,0x00000000868207e8,0x000000008a480000)
 Metaspace       used 34285K, capacity 35180K, committed 35416K, reserved 1081344K
  class space    used 4155K, capacity 4471K, committed 4480K, reserved 1048576K
}
Event: 13,095 GC heap before
{Heap before GC invocations=10 (full 2):
 PSYoungGen      total 293888K, used 15594K [0x00000000d7100000, 0x00000000f0380000, 0x0000000100000000)
  eden space 271360K, 0% used [0x00000000d7100000,0x00000000d7100000,0x00000000e7a00000)
  from space 22528K, 69% used [0x00000000e9080000,0x00000000e9fba890,0x00000000ea680000)
  to   space 23040K, 0% used [0x00000000e7a00000,0x00000000e7a00000,0x00000000e9080000)
 ParOldGen       total 84480K, used 22657K [0x0000000085200000, 0x000000008a480000, 0x00000000d7100000)
  object space 84480K, 26% used [0x0000000085200000,0x00000000868207e8,0x000000008a480000)
 Metaspace       used 34285K, capacity 35180K, committed 35416K, reserved 1081344K
  class space    used 4155K, capacity 4471K, committed 4480K, reserved 1048576K
Event: 13,221 GC heap after
Heap after GC invocations=10 (full 2):
 PSYoungGen      total 293888K, used 0K [0x00000000d7100000, 0x00000000f0380000, 0x0000000100000000)
  eden space 271360K, 0% used [0x00000000d7100000,0x00000000d7100000,0x00000000e7a00000)
  from space 22528K, 0% used [0x00000000e9080000,0x00000000e9080000,0x00000000ea680000)
  to   space 23040K, 0% used [0x00000000e7a00000,0x00000000e7a00000,0x00000000e9080000)
 ParOldGen       total 116224K, used 31874K [0x0000000085200000, 0x000000008c380000, 0x00000000d7100000)
  object space 116224K, 27% used [0x0000000085200000,0x0000000087120bb0,0x000000008c380000)
 Metaspace       used 34285K, capacity 35180K, committed 35416K, reserved 1081344K
  class space    used 4155K, capacity 4471K, committed 4480K, reserved 1048576K
}
Event: 16,372 GC heap before
{Heap before GC invocations=11 (full 2):
 PSYoungGen      total 293888K, used 271360K [0x00000000d7100000, 0x00000000f0380000, 0x0000000100000000)
  eden space 271360K, 100% used [0x00000000d7100000,0x00000000e7a00000,0x00000000e7a00000)
  from space 22528K, 0% used [0x00000000e9080000,0x00000000e9080000,0x00000000ea680000)
  to   space 23040K, 0% used [0x00000000e7a00000,0x00000000e7a00000,0x00000000e9080000)
 ParOldGen       total 116224K, used 31874K [0x0000000085200000, 0x000000008c380000, 0x00000000d7100000)
  object space 116224K, 27% used [0x0000000085200000,0x0000000087120bb0,0x000000008c380000)
 Metaspace       used 40539K, capacity 41814K, committed 42072K, reserved 1085440K
  class space    used 4770K, capacity 5134K, committed 5248K, reserved 1048576K
Event: 16,396 GC heap after
Heap after GC invocations=11 (full 2):
 PSYoungGen      total 294400K, used 16335K [0x00000000d7100000, 0x00000000ef280000, 0x0000000100000000)
  eden space 271360K, 0% used [0x00000000d7100000,0x00000000d7100000,0x00000000e7a00000)
  from space 23040K, 70% used [0x00000000e7a00000,0x00000000e89f3e40,0x00000000e9080000)
  to   space 23552K, 0% used [0x00000000edb80000,0x00000000edb80000,0x00000000ef280000)
 ParOldGen       total 116224K, used 31946K [0x0000000085200000, 0x000000008c380000, 0x00000000d7100000)
  object space 116224K, 27% used [0x0000000085200000,0x0000000087132bc0,0x000000008c380000)
 Metaspace       used 40539K, capacity 41814K, committed 42072K, reserved 1085440K
  class space    used 4770K, capacity 5134K, committed 5248K, reserved 1048576K
}
Event: 18,149 GC heap before
{Heap before GC invocations=12 (full 2):
 PSYoungGen      total 294400K, used 287695K [0x00000000d7100000, 0x00000000ef280000, 0x0000000100000000)
  eden space 271360K, 100% used [0x00000000d7100000,0x00000000e7a00000,0x00000000e7a00000)
  from space 23040K, 70% used [0x00000000e7a00000,0x00000000e89f3e40,0x00000000e9080000)
  to   space 23552K, 0% used [0x00000000edb80000,0x00000000edb80000,0x00000000ef280000)
 ParOldGen       total 116224K, used 31946K [0x0000000085200000, 0x000000008c380000, 0x00000000d7100000)
  object space 116224K, 27% used [0x0000000085200000,0x0000000087132bc0,0x000000008c380000)
 Metaspace       used 41449K, capacity 42658K, committed 42840K, reserved 1087488K
  class space    used 4833K, capacity 5200K, committed 5248K, reserved 1048576K
Event: 18,173 GC heap after
Heap after GC invocations=12 (full 2):
 PSYoungGen      total 369152K, used 21119K [0x00000000d7100000, 0x00000000ef580000, 0x0000000100000000)
  eden space 345600K, 0% used [0x00000000d7100000,0x00000000d7100000,0x00000000ec280000)
  from space 23552K, 89% used [0x00000000edb80000,0x00000000ef01fd88,0x00000000ef280000)
  to   space 25600K, 0% used [0x00000000ec280000,0x00000000ec280000,0x00000000edb80000)
 ParOldGen       total 116224K, used 31954K [0x0000000085200000, 0x000000008c380000, 0x00000000d7100000)
  object space 116224K, 27% used [0x0000000085200000,0x0000000087134bc0,0x000000008c380000)
 Metaspace       used 41449K, capacity 42658K, committed 42840K, reserved 1087488K
  class space    used 4833K, capacity 5200K, committed 5248K, reserved 1048576K
}
Event: 19,851 GC heap before
{Heap before GC invocations=13 (full 2):
 PSYoungGen      total 369152K, used 366719K [0x00000000d7100000, 0x00000000ef580000, 0x0000000100000000)
  eden space 345600K, 100% used [0x00000000d7100000,0x00000000ec280000,0x00000000ec280000)
  from space 23552K, 89% used [0x00000000edb80000,0x00000000ef01fd88,0x00000000ef280000)
  to   space 25600K, 0% used [0x00000000ec280000,0x00000000ec280000,0x00000000edb80000)
 ParOldGen       total 116224K, used 31954K [0x0000000085200000, 0x000000008c380000, 0x00000000d7100000)
  object space 116224K, 27% used [0x0000000085200000,0x0000000087134bc0,0x000000008c380000)
 Metaspace       used 41463K, capacity 42722K, committed 43096K, reserved 1087488K
  class space    used 4834K, capacity 5200K, committed 5248K, reserved 1048576K

